ARM GAS  /tmp/ccHDpolt.s 			page 1


   1              		.cpu cortex-m4
   2              		.eabi_attribute 20, 1
   3              		.eabi_attribute 21, 1
   4              		.eabi_attribute 23, 3
   5              		.eabi_attribute 24, 1
   6              		.eabi_attribute 25, 1
   7              		.eabi_attribute 26, 1
   8              		.eabi_attribute 30, 1
   9              		.eabi_attribute 34, 1
  10              		.eabi_attribute 18, 4
  11              		.file	"stm32wlxx_hal_dma_ex.c"
  12              		.text
  13              	.Ltext0:
  14              		.cfi_sections	.debug_frame
  15              		.section	.text.HAL_DMAEx_ConfigMuxSync,"ax",%progbits
  16              		.align	1
  17              		.global	HAL_DMAEx_ConfigMuxSync
  18              		.arch armv7e-m
  19              		.syntax unified
  20              		.thumb
  21              		.thumb_func
  22              		.fpu softvfp
  24              	HAL_DMAEx_ConfigMuxSync:
  25              	.LVL0:
  26              	.LFB719:
  27              		.file 1 "Drivers/STM32WLxx_HAL_Driver/Src/stm32wlxx_hal_dma_ex.c"
   1:Drivers/STM32WLxx_HAL_Driver/Src/stm32wlxx_hal_dma_ex.c **** /**
   2:Drivers/STM32WLxx_HAL_Driver/Src/stm32wlxx_hal_dma_ex.c ****   ******************************************************************************
   3:Drivers/STM32WLxx_HAL_Driver/Src/stm32wlxx_hal_dma_ex.c ****   * @file    stm32wlxx_hal_dma_ex.c
   4:Drivers/STM32WLxx_HAL_Driver/Src/stm32wlxx_hal_dma_ex.c ****   * @author  MCD Application Team
   5:Drivers/STM32WLxx_HAL_Driver/Src/stm32wlxx_hal_dma_ex.c ****   * @brief   DMA Extension HAL module driver
   6:Drivers/STM32WLxx_HAL_Driver/Src/stm32wlxx_hal_dma_ex.c ****   *         This file provides firmware functions to manage the following
   7:Drivers/STM32WLxx_HAL_Driver/Src/stm32wlxx_hal_dma_ex.c ****   *         functionalities of the DMA Extension peripheral:
   8:Drivers/STM32WLxx_HAL_Driver/Src/stm32wlxx_hal_dma_ex.c ****   *           + Extended features functions
   9:Drivers/STM32WLxx_HAL_Driver/Src/stm32wlxx_hal_dma_ex.c ****   *
  10:Drivers/STM32WLxx_HAL_Driver/Src/stm32wlxx_hal_dma_ex.c ****   @verbatim
  11:Drivers/STM32WLxx_HAL_Driver/Src/stm32wlxx_hal_dma_ex.c ****   ==============================================================================
  12:Drivers/STM32WLxx_HAL_Driver/Src/stm32wlxx_hal_dma_ex.c ****                         ##### How to use this driver #####
  13:Drivers/STM32WLxx_HAL_Driver/Src/stm32wlxx_hal_dma_ex.c ****   ==============================================================================
  14:Drivers/STM32WLxx_HAL_Driver/Src/stm32wlxx_hal_dma_ex.c ****   [..]
  15:Drivers/STM32WLxx_HAL_Driver/Src/stm32wlxx_hal_dma_ex.c ****   The DMA Extension HAL driver can be used as follows:
  16:Drivers/STM32WLxx_HAL_Driver/Src/stm32wlxx_hal_dma_ex.c ****    (+) Configure the DMAMUX Synchronization Block using HAL_DMAEx_ConfigMuxSync function.
  17:Drivers/STM32WLxx_HAL_Driver/Src/stm32wlxx_hal_dma_ex.c ****    (+) Configure the DMAMUX Request Generator Block using HAL_DMAEx_ConfigMuxRequestGenerator funct
  18:Drivers/STM32WLxx_HAL_Driver/Src/stm32wlxx_hal_dma_ex.c ****        Functions HAL_DMAEx_EnableMuxRequestGenerator and HAL_DMAEx_DisableMuxRequestGenerator can t
  19:Drivers/STM32WLxx_HAL_Driver/Src/stm32wlxx_hal_dma_ex.c ****        to respectively enable/disable the request generator.
  20:Drivers/STM32WLxx_HAL_Driver/Src/stm32wlxx_hal_dma_ex.c **** 
  21:Drivers/STM32WLxx_HAL_Driver/Src/stm32wlxx_hal_dma_ex.c ****    (+) To handle the DMAMUX Interrupts, the function  HAL_DMAEx_MUX_IRQHandler should be called fro
  22:Drivers/STM32WLxx_HAL_Driver/Src/stm32wlxx_hal_dma_ex.c ****        the DMAMUX IRQ handler i.e DMAMUX1_OVR_IRQHandler.
  23:Drivers/STM32WLxx_HAL_Driver/Src/stm32wlxx_hal_dma_ex.c ****        As only one interrupt line is available for all DMAMUX channels and request generators , HAL
  24:Drivers/STM32WLxx_HAL_Driver/Src/stm32wlxx_hal_dma_ex.c ****        called with, as parameter, the appropriate DMA handle as many as used DMAs in the user proje
  25:Drivers/STM32WLxx_HAL_Driver/Src/stm32wlxx_hal_dma_ex.c ****       (exception done if a given DMA is not using the DMAMUX SYNC block neither a request generator
  26:Drivers/STM32WLxx_HAL_Driver/Src/stm32wlxx_hal_dma_ex.c **** 
  27:Drivers/STM32WLxx_HAL_Driver/Src/stm32wlxx_hal_dma_ex.c ****   @endverbatim
  28:Drivers/STM32WLxx_HAL_Driver/Src/stm32wlxx_hal_dma_ex.c ****   ******************************************************************************
  29:Drivers/STM32WLxx_HAL_Driver/Src/stm32wlxx_hal_dma_ex.c ****   * @attention
  30:Drivers/STM32WLxx_HAL_Driver/Src/stm32wlxx_hal_dma_ex.c ****   *
  31:Drivers/STM32WLxx_HAL_Driver/Src/stm32wlxx_hal_dma_ex.c ****   * <h2><center>&copy; Copyright (c) 2020 STMicroelectronics.
ARM GAS  /tmp/ccHDpolt.s 			page 2


  32:Drivers/STM32WLxx_HAL_Driver/Src/stm32wlxx_hal_dma_ex.c ****   * All rights reserved.</center></h2>
  33:Drivers/STM32WLxx_HAL_Driver/Src/stm32wlxx_hal_dma_ex.c ****   *
  34:Drivers/STM32WLxx_HAL_Driver/Src/stm32wlxx_hal_dma_ex.c ****   * This software component is licensed by ST under BSD 3-Clause license,
  35:Drivers/STM32WLxx_HAL_Driver/Src/stm32wlxx_hal_dma_ex.c ****   * the "License"; You may not use this file except in compliance with the
  36:Drivers/STM32WLxx_HAL_Driver/Src/stm32wlxx_hal_dma_ex.c ****   * License. You may obtain a copy of the License at:
  37:Drivers/STM32WLxx_HAL_Driver/Src/stm32wlxx_hal_dma_ex.c ****   *                        opensource.org/licenses/BSD-3-Clause
  38:Drivers/STM32WLxx_HAL_Driver/Src/stm32wlxx_hal_dma_ex.c ****   *
  39:Drivers/STM32WLxx_HAL_Driver/Src/stm32wlxx_hal_dma_ex.c ****   ******************************************************************************
  40:Drivers/STM32WLxx_HAL_Driver/Src/stm32wlxx_hal_dma_ex.c ****   */
  41:Drivers/STM32WLxx_HAL_Driver/Src/stm32wlxx_hal_dma_ex.c **** 
  42:Drivers/STM32WLxx_HAL_Driver/Src/stm32wlxx_hal_dma_ex.c **** /* Includes ------------------------------------------------------------------*/
  43:Drivers/STM32WLxx_HAL_Driver/Src/stm32wlxx_hal_dma_ex.c **** #include "stm32wlxx_hal.h"
  44:Drivers/STM32WLxx_HAL_Driver/Src/stm32wlxx_hal_dma_ex.c **** 
  45:Drivers/STM32WLxx_HAL_Driver/Src/stm32wlxx_hal_dma_ex.c **** /** @addtogroup STM32WLxx_HAL_Driver
  46:Drivers/STM32WLxx_HAL_Driver/Src/stm32wlxx_hal_dma_ex.c ****   * @{
  47:Drivers/STM32WLxx_HAL_Driver/Src/stm32wlxx_hal_dma_ex.c ****   */
  48:Drivers/STM32WLxx_HAL_Driver/Src/stm32wlxx_hal_dma_ex.c **** 
  49:Drivers/STM32WLxx_HAL_Driver/Src/stm32wlxx_hal_dma_ex.c **** /** @defgroup DMAEx DMAEx
  50:Drivers/STM32WLxx_HAL_Driver/Src/stm32wlxx_hal_dma_ex.c ****   * @brief DMA Extended HAL module driver
  51:Drivers/STM32WLxx_HAL_Driver/Src/stm32wlxx_hal_dma_ex.c ****   * @{
  52:Drivers/STM32WLxx_HAL_Driver/Src/stm32wlxx_hal_dma_ex.c ****   */
  53:Drivers/STM32WLxx_HAL_Driver/Src/stm32wlxx_hal_dma_ex.c **** 
  54:Drivers/STM32WLxx_HAL_Driver/Src/stm32wlxx_hal_dma_ex.c **** #ifdef HAL_DMA_MODULE_ENABLED
  55:Drivers/STM32WLxx_HAL_Driver/Src/stm32wlxx_hal_dma_ex.c **** 
  56:Drivers/STM32WLxx_HAL_Driver/Src/stm32wlxx_hal_dma_ex.c **** /* Private typedef -----------------------------------------------------------*/
  57:Drivers/STM32WLxx_HAL_Driver/Src/stm32wlxx_hal_dma_ex.c **** /* Private define ------------------------------------------------------------*/
  58:Drivers/STM32WLxx_HAL_Driver/Src/stm32wlxx_hal_dma_ex.c **** /* Private macro -------------------------------------------------------------*/
  59:Drivers/STM32WLxx_HAL_Driver/Src/stm32wlxx_hal_dma_ex.c **** /* Private variables ---------------------------------------------------------*/
  60:Drivers/STM32WLxx_HAL_Driver/Src/stm32wlxx_hal_dma_ex.c **** /* Private Constants ---------------------------------------------------------*/
  61:Drivers/STM32WLxx_HAL_Driver/Src/stm32wlxx_hal_dma_ex.c **** /* Private function prototypes -----------------------------------------------*/
  62:Drivers/STM32WLxx_HAL_Driver/Src/stm32wlxx_hal_dma_ex.c **** /* Exported functions --------------------------------------------------------*/
  63:Drivers/STM32WLxx_HAL_Driver/Src/stm32wlxx_hal_dma_ex.c **** 
  64:Drivers/STM32WLxx_HAL_Driver/Src/stm32wlxx_hal_dma_ex.c **** 
  65:Drivers/STM32WLxx_HAL_Driver/Src/stm32wlxx_hal_dma_ex.c **** /** @defgroup DMAEx_Exported_Functions DMAEx Exported Functions
  66:Drivers/STM32WLxx_HAL_Driver/Src/stm32wlxx_hal_dma_ex.c ****   * @{
  67:Drivers/STM32WLxx_HAL_Driver/Src/stm32wlxx_hal_dma_ex.c ****   */
  68:Drivers/STM32WLxx_HAL_Driver/Src/stm32wlxx_hal_dma_ex.c **** 
  69:Drivers/STM32WLxx_HAL_Driver/Src/stm32wlxx_hal_dma_ex.c **** /** @defgroup DMAEx_Exported_Functions_Group1 DMAEx Extended features functions
  70:Drivers/STM32WLxx_HAL_Driver/Src/stm32wlxx_hal_dma_ex.c ****  *  @brief   Extended features functions
  71:Drivers/STM32WLxx_HAL_Driver/Src/stm32wlxx_hal_dma_ex.c ****  *
  72:Drivers/STM32WLxx_HAL_Driver/Src/stm32wlxx_hal_dma_ex.c **** @verbatim
  73:Drivers/STM32WLxx_HAL_Driver/Src/stm32wlxx_hal_dma_ex.c ****  ===============================================================================
  74:Drivers/STM32WLxx_HAL_Driver/Src/stm32wlxx_hal_dma_ex.c ****                 #####  Extended features functions  #####
  75:Drivers/STM32WLxx_HAL_Driver/Src/stm32wlxx_hal_dma_ex.c ****  ===============================================================================
  76:Drivers/STM32WLxx_HAL_Driver/Src/stm32wlxx_hal_dma_ex.c ****     [..]  This section provides functions allowing to:
  77:Drivers/STM32WLxx_HAL_Driver/Src/stm32wlxx_hal_dma_ex.c **** 
  78:Drivers/STM32WLxx_HAL_Driver/Src/stm32wlxx_hal_dma_ex.c ****     (+) Configure the DMAMUX Synchronization Block using HAL_DMAEx_ConfigMuxSync function.
  79:Drivers/STM32WLxx_HAL_Driver/Src/stm32wlxx_hal_dma_ex.c ****     (+) Configure the DMAMUX Request Generator Block using HAL_DMAEx_ConfigMuxRequestGenerator func
  80:Drivers/STM32WLxx_HAL_Driver/Src/stm32wlxx_hal_dma_ex.c ****        Functions HAL_DMAEx_EnableMuxRequestGenerator and HAL_DMAEx_DisableMuxRequestGenerator can t
  81:Drivers/STM32WLxx_HAL_Driver/Src/stm32wlxx_hal_dma_ex.c ****        to respectively enable/disable the request generator.
  82:Drivers/STM32WLxx_HAL_Driver/Src/stm32wlxx_hal_dma_ex.c ****     (+) Handle DMAMUX interrupts using HAL_DMAEx_MUX_IRQHandler : should be called from
  83:Drivers/STM32WLxx_HAL_Driver/Src/stm32wlxx_hal_dma_ex.c ****         the DMAMUX IRQ handler
  84:Drivers/STM32WLxx_HAL_Driver/Src/stm32wlxx_hal_dma_ex.c **** 
  85:Drivers/STM32WLxx_HAL_Driver/Src/stm32wlxx_hal_dma_ex.c **** @endverbatim
  86:Drivers/STM32WLxx_HAL_Driver/Src/stm32wlxx_hal_dma_ex.c ****   * @{
  87:Drivers/STM32WLxx_HAL_Driver/Src/stm32wlxx_hal_dma_ex.c ****   */
  88:Drivers/STM32WLxx_HAL_Driver/Src/stm32wlxx_hal_dma_ex.c **** 
ARM GAS  /tmp/ccHDpolt.s 			page 3


  89:Drivers/STM32WLxx_HAL_Driver/Src/stm32wlxx_hal_dma_ex.c **** /**
  90:Drivers/STM32WLxx_HAL_Driver/Src/stm32wlxx_hal_dma_ex.c ****   * @brief Configure the DMAMUX synchronization parameters for a given DMA channel (instance).
  91:Drivers/STM32WLxx_HAL_Driver/Src/stm32wlxx_hal_dma_ex.c ****   * @param hdma Pointer to a DMA_HandleTypeDef structure that contains
  92:Drivers/STM32WLxx_HAL_Driver/Src/stm32wlxx_hal_dma_ex.c ****   *             the configuration information for the specified DMA channel.
  93:Drivers/STM32WLxx_HAL_Driver/Src/stm32wlxx_hal_dma_ex.c ****   * @param pSyncConfig Pointer to HAL_DMA_MuxSyncConfigTypeDef contains the DMAMUX synchronization 
  94:Drivers/STM32WLxx_HAL_Driver/Src/stm32wlxx_hal_dma_ex.c ****   * @retval HAL status
  95:Drivers/STM32WLxx_HAL_Driver/Src/stm32wlxx_hal_dma_ex.c ****   */
  96:Drivers/STM32WLxx_HAL_Driver/Src/stm32wlxx_hal_dma_ex.c **** HAL_StatusTypeDef HAL_DMAEx_ConfigMuxSync(DMA_HandleTypeDef *hdma, HAL_DMA_MuxSyncConfigTypeDef *pS
  97:Drivers/STM32WLxx_HAL_Driver/Src/stm32wlxx_hal_dma_ex.c **** {
  28              		.loc 1 97 1 view -0
  29              		.cfi_startproc
  30              		@ args = 0, pretend = 0, frame = 0
  31              		@ frame_needed = 0, uses_anonymous_args = 0
  32              		@ link register save eliminated.
  98:Drivers/STM32WLxx_HAL_Driver/Src/stm32wlxx_hal_dma_ex.c ****   /* Check the parameters */
  99:Drivers/STM32WLxx_HAL_Driver/Src/stm32wlxx_hal_dma_ex.c ****   assert_param(IS_DMA_ALL_INSTANCE(hdma->Instance));
  33              		.loc 1 99 3 view .LVU1
 100:Drivers/STM32WLxx_HAL_Driver/Src/stm32wlxx_hal_dma_ex.c **** 
 101:Drivers/STM32WLxx_HAL_Driver/Src/stm32wlxx_hal_dma_ex.c ****   assert_param(IS_DMAMUX_SYNC_SIGNAL_ID(pSyncConfig->SyncSignalID));
  34              		.loc 1 101 3 view .LVU2
 102:Drivers/STM32WLxx_HAL_Driver/Src/stm32wlxx_hal_dma_ex.c **** 
 103:Drivers/STM32WLxx_HAL_Driver/Src/stm32wlxx_hal_dma_ex.c ****   assert_param(IS_DMAMUX_SYNC_POLARITY(pSyncConfig-> SyncPolarity));
  35              		.loc 1 103 3 view .LVU3
 104:Drivers/STM32WLxx_HAL_Driver/Src/stm32wlxx_hal_dma_ex.c ****   assert_param(IS_DMAMUX_SYNC_STATE(pSyncConfig->SyncEnable));
  36              		.loc 1 104 3 view .LVU4
 105:Drivers/STM32WLxx_HAL_Driver/Src/stm32wlxx_hal_dma_ex.c ****   assert_param(IS_DMAMUX_SYNC_EVENT(pSyncConfig->EventEnable));
  37              		.loc 1 105 3 view .LVU5
 106:Drivers/STM32WLxx_HAL_Driver/Src/stm32wlxx_hal_dma_ex.c ****   assert_param(IS_DMAMUX_SYNC_REQUEST_NUMBER(pSyncConfig->RequestNumber));
  38              		.loc 1 106 3 view .LVU6
 107:Drivers/STM32WLxx_HAL_Driver/Src/stm32wlxx_hal_dma_ex.c **** 
 108:Drivers/STM32WLxx_HAL_Driver/Src/stm32wlxx_hal_dma_ex.c ****   /*Check if the DMA state is ready */
 109:Drivers/STM32WLxx_HAL_Driver/Src/stm32wlxx_hal_dma_ex.c ****   if (hdma->State == HAL_DMA_STATE_READY)
  39              		.loc 1 109 3 view .LVU7
  40              		.loc 1 109 11 is_stmt 0 view .LVU8
  41 0000 90F82530 		ldrb	r3, [r0, #37]	@ zero_extendqisi2
  42 0004 DBB2     		uxtb	r3, r3
  43              		.loc 1 109 6 view .LVU9
  44 0006 012B     		cmp	r3, #1
  45 0008 20D1     		bne	.L2
 110:Drivers/STM32WLxx_HAL_Driver/Src/stm32wlxx_hal_dma_ex.c ****   {
 111:Drivers/STM32WLxx_HAL_Driver/Src/stm32wlxx_hal_dma_ex.c ****     /* Process Locked */
 112:Drivers/STM32WLxx_HAL_Driver/Src/stm32wlxx_hal_dma_ex.c ****     __HAL_LOCK(hdma);
  46              		.loc 1 112 5 is_stmt 1 view .LVU10
  47              		.loc 1 112 5 view .LVU11
  48 000a 90F82430 		ldrb	r3, [r0, #36]	@ zero_extendqisi2
  49 000e 012B     		cmp	r3, #1
  50 0010 20D0     		beq	.L4
  97:Drivers/STM32WLxx_HAL_Driver/Src/stm32wlxx_hal_dma_ex.c ****   /* Check the parameters */
  51              		.loc 1 97 1 is_stmt 0 discriminator 2 view .LVU12
  52 0012 30B4     		push	{r4, r5}
  53              	.LCFI0:
  54              		.cfi_def_cfa_offset 8
  55              		.cfi_offset 4, -8
  56              		.cfi_offset 5, -4
  57              		.loc 1 112 5 is_stmt 1 discriminator 2 view .LVU13
  58 0014 0123     		movs	r3, #1
  59 0016 80F82430 		strb	r3, [r0, #36]
ARM GAS  /tmp/ccHDpolt.s 			page 4


  60              		.loc 1 112 5 discriminator 2 view .LVU14
 113:Drivers/STM32WLxx_HAL_Driver/Src/stm32wlxx_hal_dma_ex.c **** 
 114:Drivers/STM32WLxx_HAL_Driver/Src/stm32wlxx_hal_dma_ex.c ****     /* Set the new synchronization parameters (and keep the request ID filled during the Init)*/
 115:Drivers/STM32WLxx_HAL_Driver/Src/stm32wlxx_hal_dma_ex.c ****     MODIFY_REG(hdma->DMAmuxChannel->CCR, \
  61              		.loc 1 115 5 discriminator 2 view .LVU15
  62 001a 856C     		ldr	r5, [r0, #72]
  63 001c 2A68     		ldr	r2, [r5]
  64 001e 02F07F02 		and	r2, r2, #127
  65 0022 0B68     		ldr	r3, [r1]
  66 0024 CC68     		ldr	r4, [r1, #12]
  67 0026 013C     		subs	r4, r4, #1
  68 0028 43EAC443 		orr	r3, r3, r4, lsl #19
  69 002c 4C68     		ldr	r4, [r1, #4]
  70 002e 2343     		orrs	r3, r3, r4
  71 0030 0C7A     		ldrb	r4, [r1, #8]	@ zero_extendqisi2
  72 0032 43EA0443 		orr	r3, r3, r4, lsl #16
  73 0036 497A     		ldrb	r1, [r1, #9]	@ zero_extendqisi2
  74              	.LVL1:
  75              		.loc 1 115 5 is_stmt 0 discriminator 2 view .LVU16
  76 0038 43EA4123 		orr	r3, r3, r1, lsl #9
  77 003c 1343     		orrs	r3, r3, r2
  78 003e 2B60     		str	r3, [r5]
 116:Drivers/STM32WLxx_HAL_Driver/Src/stm32wlxx_hal_dma_ex.c ****                (~DMAMUX_CxCR_DMAREQ_ID), \
 117:Drivers/STM32WLxx_HAL_Driver/Src/stm32wlxx_hal_dma_ex.c ****                (pSyncConfig->SyncSignalID | ((pSyncConfig->RequestNumber - 1U) << DMAMUX_CxCR_NBREQ
 118:Drivers/STM32WLxx_HAL_Driver/Src/stm32wlxx_hal_dma_ex.c ****                 pSyncConfig->SyncPolarity | ((uint32_t)pSyncConfig->SyncEnable << DMAMUX_CxCR_SE_Po
 119:Drivers/STM32WLxx_HAL_Driver/Src/stm32wlxx_hal_dma_ex.c ****                 ((uint32_t)pSyncConfig->EventEnable << DMAMUX_CxCR_EGE_Pos)));
 120:Drivers/STM32WLxx_HAL_Driver/Src/stm32wlxx_hal_dma_ex.c **** 
 121:Drivers/STM32WLxx_HAL_Driver/Src/stm32wlxx_hal_dma_ex.c ****     /* Process UnLocked */
 122:Drivers/STM32WLxx_HAL_Driver/Src/stm32wlxx_hal_dma_ex.c ****     __HAL_UNLOCK(hdma);
  79              		.loc 1 122 5 is_stmt 1 discriminator 2 view .LVU17
  80              		.loc 1 122 5 discriminator 2 view .LVU18
  81 0040 0023     		movs	r3, #0
  82 0042 80F82430 		strb	r3, [r0, #36]
  83              		.loc 1 122 5 discriminator 2 view .LVU19
 123:Drivers/STM32WLxx_HAL_Driver/Src/stm32wlxx_hal_dma_ex.c **** 
 124:Drivers/STM32WLxx_HAL_Driver/Src/stm32wlxx_hal_dma_ex.c ****     return HAL_OK;
  84              		.loc 1 124 5 discriminator 2 view .LVU20
  85              		.loc 1 124 12 is_stmt 0 discriminator 2 view .LVU21
  86 0046 1846     		mov	r0, r3
  87              	.LVL2:
 125:Drivers/STM32WLxx_HAL_Driver/Src/stm32wlxx_hal_dma_ex.c ****   }
 126:Drivers/STM32WLxx_HAL_Driver/Src/stm32wlxx_hal_dma_ex.c ****   else
 127:Drivers/STM32WLxx_HAL_Driver/Src/stm32wlxx_hal_dma_ex.c ****   {
 128:Drivers/STM32WLxx_HAL_Driver/Src/stm32wlxx_hal_dma_ex.c ****     /* Set the error code to busy */
 129:Drivers/STM32WLxx_HAL_Driver/Src/stm32wlxx_hal_dma_ex.c ****     hdma->ErrorCode = HAL_DMA_ERROR_BUSY;
 130:Drivers/STM32WLxx_HAL_Driver/Src/stm32wlxx_hal_dma_ex.c **** 
 131:Drivers/STM32WLxx_HAL_Driver/Src/stm32wlxx_hal_dma_ex.c ****     /* Return error status */
 132:Drivers/STM32WLxx_HAL_Driver/Src/stm32wlxx_hal_dma_ex.c ****     return HAL_ERROR;
 133:Drivers/STM32WLxx_HAL_Driver/Src/stm32wlxx_hal_dma_ex.c ****   }
 134:Drivers/STM32WLxx_HAL_Driver/Src/stm32wlxx_hal_dma_ex.c **** }
  88              		.loc 1 134 1 discriminator 2 view .LVU22
  89 0048 30BC     		pop	{r4, r5}
  90              	.LCFI1:
  91              		.cfi_restore 5
  92              		.cfi_restore 4
  93              		.cfi_def_cfa_offset 0
  94 004a 7047     		bx	lr
ARM GAS  /tmp/ccHDpolt.s 			page 5


  95              	.LVL3:
  96              	.L2:
 129:Drivers/STM32WLxx_HAL_Driver/Src/stm32wlxx_hal_dma_ex.c **** 
  97              		.loc 1 129 5 is_stmt 1 view .LVU23
 129:Drivers/STM32WLxx_HAL_Driver/Src/stm32wlxx_hal_dma_ex.c **** 
  98              		.loc 1 129 21 is_stmt 0 view .LVU24
  99 004c 8023     		movs	r3, #128
 100 004e C363     		str	r3, [r0, #60]
 132:Drivers/STM32WLxx_HAL_Driver/Src/stm32wlxx_hal_dma_ex.c ****   }
 101              		.loc 1 132 5 is_stmt 1 view .LVU25
 132:Drivers/STM32WLxx_HAL_Driver/Src/stm32wlxx_hal_dma_ex.c ****   }
 102              		.loc 1 132 12 is_stmt 0 view .LVU26
 103 0050 0120     		movs	r0, #1
 104              	.LVL4:
 132:Drivers/STM32WLxx_HAL_Driver/Src/stm32wlxx_hal_dma_ex.c ****   }
 105              		.loc 1 132 12 view .LVU27
 106 0052 7047     		bx	lr
 107              	.LVL5:
 108              	.L4:
 112:Drivers/STM32WLxx_HAL_Driver/Src/stm32wlxx_hal_dma_ex.c **** 
 109              		.loc 1 112 5 view .LVU28
 110 0054 0220     		movs	r0, #2
 111              	.LVL6:
 112              		.loc 1 134 1 view .LVU29
 113 0056 7047     		bx	lr
 114              		.cfi_endproc
 115              	.LFE719:
 117              		.section	.text.HAL_DMAEx_ConfigMuxRequestGenerator,"ax",%progbits
 118              		.align	1
 119              		.global	HAL_DMAEx_ConfigMuxRequestGenerator
 120              		.syntax unified
 121              		.thumb
 122              		.thumb_func
 123              		.fpu softvfp
 125              	HAL_DMAEx_ConfigMuxRequestGenerator:
 126              	.LVL7:
 127              	.LFB720:
 135:Drivers/STM32WLxx_HAL_Driver/Src/stm32wlxx_hal_dma_ex.c **** 
 136:Drivers/STM32WLxx_HAL_Driver/Src/stm32wlxx_hal_dma_ex.c **** /**
 137:Drivers/STM32WLxx_HAL_Driver/Src/stm32wlxx_hal_dma_ex.c ****   * @brief Configure the DMAMUX request generator block used by the given DMA channel (instance).
 138:Drivers/STM32WLxx_HAL_Driver/Src/stm32wlxx_hal_dma_ex.c ****   * @param hdma Pointer to a DMA_HandleTypeDef structure that contains
 139:Drivers/STM32WLxx_HAL_Driver/Src/stm32wlxx_hal_dma_ex.c ****   *             the configuration information for the specified DMA channel.
 140:Drivers/STM32WLxx_HAL_Driver/Src/stm32wlxx_hal_dma_ex.c ****   * @param pRequestGeneratorConfig Pointer to HAL_DMA_MuxRequestGeneratorConfigTypeDef
 141:Drivers/STM32WLxx_HAL_Driver/Src/stm32wlxx_hal_dma_ex.c ****   *                                contains the request generator parameters.
 142:Drivers/STM32WLxx_HAL_Driver/Src/stm32wlxx_hal_dma_ex.c ****   *
 143:Drivers/STM32WLxx_HAL_Driver/Src/stm32wlxx_hal_dma_ex.c ****   * @retval HAL status
 144:Drivers/STM32WLxx_HAL_Driver/Src/stm32wlxx_hal_dma_ex.c ****   */
 145:Drivers/STM32WLxx_HAL_Driver/Src/stm32wlxx_hal_dma_ex.c **** HAL_StatusTypeDef HAL_DMAEx_ConfigMuxRequestGenerator(DMA_HandleTypeDef *hdma, HAL_DMA_MuxRequestGe
 146:Drivers/STM32WLxx_HAL_Driver/Src/stm32wlxx_hal_dma_ex.c **** {
 128              		.loc 1 146 1 is_stmt 1 view -0
 129              		.cfi_startproc
 130              		@ args = 0, pretend = 0, frame = 0
 131              		@ frame_needed = 0, uses_anonymous_args = 0
 132              		@ link register save eliminated.
 147:Drivers/STM32WLxx_HAL_Driver/Src/stm32wlxx_hal_dma_ex.c ****   HAL_StatusTypeDef status;
 133              		.loc 1 147 3 view .LVU31
 148:Drivers/STM32WLxx_HAL_Driver/Src/stm32wlxx_hal_dma_ex.c ****   HAL_DMA_StateTypeDef temp_state = hdma->State;
ARM GAS  /tmp/ccHDpolt.s 			page 6


 134              		.loc 1 148 3 view .LVU32
 135              		.loc 1 148 24 is_stmt 0 view .LVU33
 136 0000 90F82530 		ldrb	r3, [r0, #37]	@ zero_extendqisi2
 137              	.LVL8:
 149:Drivers/STM32WLxx_HAL_Driver/Src/stm32wlxx_hal_dma_ex.c **** 
 150:Drivers/STM32WLxx_HAL_Driver/Src/stm32wlxx_hal_dma_ex.c ****   /* Check the parameters */
 151:Drivers/STM32WLxx_HAL_Driver/Src/stm32wlxx_hal_dma_ex.c ****   assert_param(IS_DMA_ALL_INSTANCE(hdma->Instance));
 138              		.loc 1 151 3 is_stmt 1 view .LVU34
 152:Drivers/STM32WLxx_HAL_Driver/Src/stm32wlxx_hal_dma_ex.c **** 
 153:Drivers/STM32WLxx_HAL_Driver/Src/stm32wlxx_hal_dma_ex.c ****   assert_param(IS_DMAMUX_REQUEST_GEN_SIGNAL_ID(pRequestGeneratorConfig->SignalID));
 139              		.loc 1 153 3 view .LVU35
 154:Drivers/STM32WLxx_HAL_Driver/Src/stm32wlxx_hal_dma_ex.c **** 
 155:Drivers/STM32WLxx_HAL_Driver/Src/stm32wlxx_hal_dma_ex.c ****   assert_param(IS_DMAMUX_REQUEST_GEN_POLARITY(pRequestGeneratorConfig->Polarity));
 140              		.loc 1 155 3 view .LVU36
 156:Drivers/STM32WLxx_HAL_Driver/Src/stm32wlxx_hal_dma_ex.c ****   assert_param(IS_DMAMUX_REQUEST_GEN_REQUEST_NUMBER(pRequestGeneratorConfig->RequestNumber));
 141              		.loc 1 156 3 view .LVU37
 157:Drivers/STM32WLxx_HAL_Driver/Src/stm32wlxx_hal_dma_ex.c **** 
 158:Drivers/STM32WLxx_HAL_Driver/Src/stm32wlxx_hal_dma_ex.c ****   /* check if the DMA state is ready
 159:Drivers/STM32WLxx_HAL_Driver/Src/stm32wlxx_hal_dma_ex.c ****      and DMA is using a DMAMUX request generator block
 160:Drivers/STM32WLxx_HAL_Driver/Src/stm32wlxx_hal_dma_ex.c ****   */
 161:Drivers/STM32WLxx_HAL_Driver/Src/stm32wlxx_hal_dma_ex.c ****   if (hdma->DMAmuxRequestGen == 0U)
 142              		.loc 1 161 3 view .LVU38
 143              		.loc 1 161 11 is_stmt 0 view .LVU39
 144 0004 426D     		ldr	r2, [r0, #84]
 145              		.loc 1 161 6 view .LVU40
 146 0006 62B1     		cbz	r2, .L17
 146:Drivers/STM32WLxx_HAL_Driver/Src/stm32wlxx_hal_dma_ex.c ****   HAL_StatusTypeDef status;
 147              		.loc 1 146 1 view .LVU41
 148 0008 10B4     		push	{r4}
 149              	.LCFI2:
 150              		.cfi_def_cfa_offset 4
 151              		.cfi_offset 4, -4
 152 000a DBB2     		uxtb	r3, r3
 162:Drivers/STM32WLxx_HAL_Driver/Src/stm32wlxx_hal_dma_ex.c ****   {
 163:Drivers/STM32WLxx_HAL_Driver/Src/stm32wlxx_hal_dma_ex.c ****     /* Set the error code to busy */
 164:Drivers/STM32WLxx_HAL_Driver/Src/stm32wlxx_hal_dma_ex.c ****     hdma->ErrorCode = HAL_DMA_ERROR_PARAM;
 165:Drivers/STM32WLxx_HAL_Driver/Src/stm32wlxx_hal_dma_ex.c **** 
 166:Drivers/STM32WLxx_HAL_Driver/Src/stm32wlxx_hal_dma_ex.c ****     /* error status */
 167:Drivers/STM32WLxx_HAL_Driver/Src/stm32wlxx_hal_dma_ex.c ****     status = HAL_ERROR;
 168:Drivers/STM32WLxx_HAL_Driver/Src/stm32wlxx_hal_dma_ex.c ****   }
 169:Drivers/STM32WLxx_HAL_Driver/Src/stm32wlxx_hal_dma_ex.c ****   else if (((hdma->DMAmuxRequestGen->RGCR & DMAMUX_RGxCR_GE) == 0U) && (temp_state == HAL_DMA_STATE
 153              		.loc 1 169 8 is_stmt 1 view .LVU42
 154              		.loc 1 169 36 is_stmt 0 view .LVU43
 155 000c 1468     		ldr	r4, [r2]
 156              		.loc 1 169 11 view .LVU44
 157 000e 14F4803F 		tst	r4, #65536
 158 0012 01D1     		bne	.L12
 159              		.loc 1 169 69 discriminator 1 view .LVU45
 160 0014 012B     		cmp	r3, #1
 161 0016 08D0     		beq	.L18
 162              	.L12:
 170:Drivers/STM32WLxx_HAL_Driver/Src/stm32wlxx_hal_dma_ex.c ****   {
 171:Drivers/STM32WLxx_HAL_Driver/Src/stm32wlxx_hal_dma_ex.c ****     /* RequestGenerator must be disable prior to the configuration i.e GE bit is 0 */
 172:Drivers/STM32WLxx_HAL_Driver/Src/stm32wlxx_hal_dma_ex.c **** 
 173:Drivers/STM32WLxx_HAL_Driver/Src/stm32wlxx_hal_dma_ex.c ****     /* Process Locked */
 174:Drivers/STM32WLxx_HAL_Driver/Src/stm32wlxx_hal_dma_ex.c ****     __HAL_LOCK(hdma);
 175:Drivers/STM32WLxx_HAL_Driver/Src/stm32wlxx_hal_dma_ex.c **** 
ARM GAS  /tmp/ccHDpolt.s 			page 7


 176:Drivers/STM32WLxx_HAL_Driver/Src/stm32wlxx_hal_dma_ex.c ****     /* Set the request generator new parameters*/
 177:Drivers/STM32WLxx_HAL_Driver/Src/stm32wlxx_hal_dma_ex.c ****     hdma->DMAmuxRequestGen->RGCR = pRequestGeneratorConfig->SignalID | \
 178:Drivers/STM32WLxx_HAL_Driver/Src/stm32wlxx_hal_dma_ex.c ****                                    ((pRequestGeneratorConfig->RequestNumber - 1U) << DMAMUX_RGxCR_G
 179:Drivers/STM32WLxx_HAL_Driver/Src/stm32wlxx_hal_dma_ex.c ****                                    pRequestGeneratorConfig->Polarity;
 180:Drivers/STM32WLxx_HAL_Driver/Src/stm32wlxx_hal_dma_ex.c ****     /* Process UnLocked */
 181:Drivers/STM32WLxx_HAL_Driver/Src/stm32wlxx_hal_dma_ex.c ****     __HAL_UNLOCK(hdma);
 182:Drivers/STM32WLxx_HAL_Driver/Src/stm32wlxx_hal_dma_ex.c **** 
 183:Drivers/STM32WLxx_HAL_Driver/Src/stm32wlxx_hal_dma_ex.c ****     return HAL_OK;
 184:Drivers/STM32WLxx_HAL_Driver/Src/stm32wlxx_hal_dma_ex.c ****   }
 185:Drivers/STM32WLxx_HAL_Driver/Src/stm32wlxx_hal_dma_ex.c ****   else
 186:Drivers/STM32WLxx_HAL_Driver/Src/stm32wlxx_hal_dma_ex.c ****   {
 187:Drivers/STM32WLxx_HAL_Driver/Src/stm32wlxx_hal_dma_ex.c ****     /* Set the error code to busy */
 188:Drivers/STM32WLxx_HAL_Driver/Src/stm32wlxx_hal_dma_ex.c ****     hdma->ErrorCode = HAL_DMA_ERROR_BUSY;
 163              		.loc 1 188 5 is_stmt 1 view .LVU46
 164              		.loc 1 188 21 is_stmt 0 view .LVU47
 165 0018 8023     		movs	r3, #128
 166              	.LVL9:
 167              		.loc 1 188 21 view .LVU48
 168 001a C363     		str	r3, [r0, #60]
 189:Drivers/STM32WLxx_HAL_Driver/Src/stm32wlxx_hal_dma_ex.c **** 
 190:Drivers/STM32WLxx_HAL_Driver/Src/stm32wlxx_hal_dma_ex.c ****     /* error status */
 191:Drivers/STM32WLxx_HAL_Driver/Src/stm32wlxx_hal_dma_ex.c ****     status = HAL_ERROR;
 169              		.loc 1 191 5 is_stmt 1 view .LVU49
 170              	.LVL10:
 192:Drivers/STM32WLxx_HAL_Driver/Src/stm32wlxx_hal_dma_ex.c ****   }
 193:Drivers/STM32WLxx_HAL_Driver/Src/stm32wlxx_hal_dma_ex.c **** 
 194:Drivers/STM32WLxx_HAL_Driver/Src/stm32wlxx_hal_dma_ex.c ****   return status;
 171              		.loc 1 194 10 is_stmt 0 view .LVU50
 172 001c 0120     		movs	r0, #1
 173              	.LVL11:
 174              	.L11:
 195:Drivers/STM32WLxx_HAL_Driver/Src/stm32wlxx_hal_dma_ex.c **** }
 175              		.loc 1 195 1 view .LVU51
 176 001e 10BC     		pop	{r4}
 177              	.LCFI3:
 178              		.cfi_restore 4
 179              		.cfi_def_cfa_offset 0
 180 0020 7047     		bx	lr
 181              	.LVL12:
 182              	.L17:
 164:Drivers/STM32WLxx_HAL_Driver/Src/stm32wlxx_hal_dma_ex.c **** 
 183              		.loc 1 164 5 is_stmt 1 view .LVU52
 164:Drivers/STM32WLxx_HAL_Driver/Src/stm32wlxx_hal_dma_ex.c **** 
 184              		.loc 1 164 21 is_stmt 0 view .LVU53
 185 0022 4023     		movs	r3, #64
 186              	.LVL13:
 164:Drivers/STM32WLxx_HAL_Driver/Src/stm32wlxx_hal_dma_ex.c **** 
 187              		.loc 1 164 21 view .LVU54
 188 0024 C363     		str	r3, [r0, #60]
 167:Drivers/STM32WLxx_HAL_Driver/Src/stm32wlxx_hal_dma_ex.c ****   }
 189              		.loc 1 167 5 is_stmt 1 view .LVU55
 190              	.LVL14:
 194:Drivers/STM32WLxx_HAL_Driver/Src/stm32wlxx_hal_dma_ex.c **** }
 191              		.loc 1 194 10 is_stmt 0 view .LVU56
 192 0026 0120     		movs	r0, #1
 193              	.LVL15:
 194              		.loc 1 195 1 view .LVU57
ARM GAS  /tmp/ccHDpolt.s 			page 8


 195 0028 7047     		bx	lr
 196              	.LVL16:
 197              	.L18:
 198              	.LCFI4:
 199              		.cfi_def_cfa_offset 4
 200              		.cfi_offset 4, -4
 174:Drivers/STM32WLxx_HAL_Driver/Src/stm32wlxx_hal_dma_ex.c **** 
 201              		.loc 1 174 5 is_stmt 1 view .LVU58
 174:Drivers/STM32WLxx_HAL_Driver/Src/stm32wlxx_hal_dma_ex.c **** 
 202              		.loc 1 174 5 view .LVU59
 203 002a 90F82430 		ldrb	r3, [r0, #36]	@ zero_extendqisi2
 204              	.LVL17:
 174:Drivers/STM32WLxx_HAL_Driver/Src/stm32wlxx_hal_dma_ex.c **** 
 205              		.loc 1 174 5 is_stmt 0 view .LVU60
 206 002e 012B     		cmp	r3, #1
 207 0030 0FD0     		beq	.L13
 174:Drivers/STM32WLxx_HAL_Driver/Src/stm32wlxx_hal_dma_ex.c **** 
 208              		.loc 1 174 5 is_stmt 1 discriminator 2 view .LVU61
 209 0032 0123     		movs	r3, #1
 210 0034 80F82430 		strb	r3, [r0, #36]
 174:Drivers/STM32WLxx_HAL_Driver/Src/stm32wlxx_hal_dma_ex.c **** 
 211              		.loc 1 174 5 discriminator 2 view .LVU62
 177:Drivers/STM32WLxx_HAL_Driver/Src/stm32wlxx_hal_dma_ex.c ****                                    ((pRequestGeneratorConfig->RequestNumber - 1U) << DMAMUX_RGxCR_G
 212              		.loc 1 177 5 discriminator 2 view .LVU63
 177:Drivers/STM32WLxx_HAL_Driver/Src/stm32wlxx_hal_dma_ex.c ****                                    ((pRequestGeneratorConfig->RequestNumber - 1U) << DMAMUX_RGxCR_G
 213              		.loc 1 177 59 is_stmt 0 discriminator 2 view .LVU64
 214 0038 0B68     		ldr	r3, [r1]
 178:Drivers/STM32WLxx_HAL_Driver/Src/stm32wlxx_hal_dma_ex.c ****                                    pRequestGeneratorConfig->Polarity;
 215              		.loc 1 178 61 discriminator 2 view .LVU65
 216 003a 8C68     		ldr	r4, [r1, #8]
 178:Drivers/STM32WLxx_HAL_Driver/Src/stm32wlxx_hal_dma_ex.c ****                                    pRequestGeneratorConfig->Polarity;
 217              		.loc 1 178 77 discriminator 2 view .LVU66
 218 003c 013C     		subs	r4, r4, #1
 177:Drivers/STM32WLxx_HAL_Driver/Src/stm32wlxx_hal_dma_ex.c ****                                    ((pRequestGeneratorConfig->RequestNumber - 1U) << DMAMUX_RGxCR_G
 219              		.loc 1 177 70 discriminator 2 view .LVU67
 220 003e 43EAC443 		orr	r3, r3, r4, lsl #19
 179:Drivers/STM32WLxx_HAL_Driver/Src/stm32wlxx_hal_dma_ex.c ****     /* Process UnLocked */
 221              		.loc 1 179 59 discriminator 2 view .LVU68
 222 0042 4968     		ldr	r1, [r1, #4]
 223              	.LVL18:
 178:Drivers/STM32WLxx_HAL_Driver/Src/stm32wlxx_hal_dma_ex.c ****                                    pRequestGeneratorConfig->Polarity;
 224              		.loc 1 178 111 discriminator 2 view .LVU69
 225 0044 0B43     		orrs	r3, r3, r1
 177:Drivers/STM32WLxx_HAL_Driver/Src/stm32wlxx_hal_dma_ex.c ****                                    ((pRequestGeneratorConfig->RequestNumber - 1U) << DMAMUX_RGxCR_G
 226              		.loc 1 177 34 discriminator 2 view .LVU70
 227 0046 1360     		str	r3, [r2]
 181:Drivers/STM32WLxx_HAL_Driver/Src/stm32wlxx_hal_dma_ex.c **** 
 228              		.loc 1 181 5 is_stmt 1 discriminator 2 view .LVU71
 181:Drivers/STM32WLxx_HAL_Driver/Src/stm32wlxx_hal_dma_ex.c **** 
 229              		.loc 1 181 5 discriminator 2 view .LVU72
 230 0048 0023     		movs	r3, #0
 231 004a 80F82430 		strb	r3, [r0, #36]
 181:Drivers/STM32WLxx_HAL_Driver/Src/stm32wlxx_hal_dma_ex.c **** 
 232              		.loc 1 181 5 discriminator 2 view .LVU73
 183:Drivers/STM32WLxx_HAL_Driver/Src/stm32wlxx_hal_dma_ex.c ****   }
 233              		.loc 1 183 5 discriminator 2 view .LVU74
 183:Drivers/STM32WLxx_HAL_Driver/Src/stm32wlxx_hal_dma_ex.c ****   }
ARM GAS  /tmp/ccHDpolt.s 			page 9


 234              		.loc 1 183 12 is_stmt 0 discriminator 2 view .LVU75
 235 004e 1846     		mov	r0, r3
 236              	.LVL19:
 183:Drivers/STM32WLxx_HAL_Driver/Src/stm32wlxx_hal_dma_ex.c ****   }
 237              		.loc 1 183 12 discriminator 2 view .LVU76
 238 0050 E5E7     		b	.L11
 239              	.LVL20:
 240              	.L13:
 174:Drivers/STM32WLxx_HAL_Driver/Src/stm32wlxx_hal_dma_ex.c **** 
 241              		.loc 1 174 5 view .LVU77
 242 0052 0220     		movs	r0, #2
 243              	.LVL21:
 174:Drivers/STM32WLxx_HAL_Driver/Src/stm32wlxx_hal_dma_ex.c **** 
 244              		.loc 1 174 5 view .LVU78
 245 0054 E3E7     		b	.L11
 246              		.cfi_endproc
 247              	.LFE720:
 249              		.section	.text.HAL_DMAEx_EnableMuxRequestGenerator,"ax",%progbits
 250              		.align	1
 251              		.global	HAL_DMAEx_EnableMuxRequestGenerator
 252              		.syntax unified
 253              		.thumb
 254              		.thumb_func
 255              		.fpu softvfp
 257              	HAL_DMAEx_EnableMuxRequestGenerator:
 258              	.LVL22:
 259              	.LFB721:
 196:Drivers/STM32WLxx_HAL_Driver/Src/stm32wlxx_hal_dma_ex.c **** 
 197:Drivers/STM32WLxx_HAL_Driver/Src/stm32wlxx_hal_dma_ex.c **** /**
 198:Drivers/STM32WLxx_HAL_Driver/Src/stm32wlxx_hal_dma_ex.c ****   * @brief Enable the DMAMUX request generator block used by the given DMA channel (instance).
 199:Drivers/STM32WLxx_HAL_Driver/Src/stm32wlxx_hal_dma_ex.c ****   * @param hdma Pointer to a DMA_HandleTypeDef structure that contains
 200:Drivers/STM32WLxx_HAL_Driver/Src/stm32wlxx_hal_dma_ex.c ****   *             the configuration information for the specified DMA channel.
 201:Drivers/STM32WLxx_HAL_Driver/Src/stm32wlxx_hal_dma_ex.c ****   * @retval HAL status
 202:Drivers/STM32WLxx_HAL_Driver/Src/stm32wlxx_hal_dma_ex.c ****   */
 203:Drivers/STM32WLxx_HAL_Driver/Src/stm32wlxx_hal_dma_ex.c **** HAL_StatusTypeDef HAL_DMAEx_EnableMuxRequestGenerator(DMA_HandleTypeDef *hdma)
 204:Drivers/STM32WLxx_HAL_Driver/Src/stm32wlxx_hal_dma_ex.c **** {
 260              		.loc 1 204 1 is_stmt 1 view -0
 261              		.cfi_startproc
 262              		@ args = 0, pretend = 0, frame = 0
 263              		@ frame_needed = 0, uses_anonymous_args = 0
 264              		@ link register save eliminated.
 205:Drivers/STM32WLxx_HAL_Driver/Src/stm32wlxx_hal_dma_ex.c ****   /* Check the parameters */
 206:Drivers/STM32WLxx_HAL_Driver/Src/stm32wlxx_hal_dma_ex.c ****   assert_param(IS_DMA_ALL_INSTANCE(hdma->Instance));
 265              		.loc 1 206 3 view .LVU80
 207:Drivers/STM32WLxx_HAL_Driver/Src/stm32wlxx_hal_dma_ex.c **** 
 208:Drivers/STM32WLxx_HAL_Driver/Src/stm32wlxx_hal_dma_ex.c ****   /* check if the DMA state is ready
 209:Drivers/STM32WLxx_HAL_Driver/Src/stm32wlxx_hal_dma_ex.c ****      and DMA is using a DMAMUX request generator block
 210:Drivers/STM32WLxx_HAL_Driver/Src/stm32wlxx_hal_dma_ex.c ****   */
 211:Drivers/STM32WLxx_HAL_Driver/Src/stm32wlxx_hal_dma_ex.c ****   if ((hdma->State != HAL_DMA_STATE_RESET) && (hdma->DMAmuxRequestGen != 0))
 266              		.loc 1 211 3 view .LVU81
 267              		.loc 1 211 12 is_stmt 0 view .LVU82
 268 0000 90F82530 		ldrb	r3, [r0, #37]	@ zero_extendqisi2
 269              		.loc 1 211 6 view .LVU83
 270 0004 3BB1     		cbz	r3, .L21
 271              		.loc 1 211 52 discriminator 1 view .LVU84
 272 0006 436D     		ldr	r3, [r0, #84]
 273              		.loc 1 211 44 discriminator 1 view .LVU85
ARM GAS  /tmp/ccHDpolt.s 			page 10


 274 0008 3BB1     		cbz	r3, .L22
 212:Drivers/STM32WLxx_HAL_Driver/Src/stm32wlxx_hal_dma_ex.c ****   {
 213:Drivers/STM32WLxx_HAL_Driver/Src/stm32wlxx_hal_dma_ex.c **** 
 214:Drivers/STM32WLxx_HAL_Driver/Src/stm32wlxx_hal_dma_ex.c ****     /* Enable the request generator*/
 215:Drivers/STM32WLxx_HAL_Driver/Src/stm32wlxx_hal_dma_ex.c ****     hdma->DMAmuxRequestGen->RGCR |= DMAMUX_RGxCR_GE;
 275              		.loc 1 215 5 is_stmt 1 view .LVU86
 276              		.loc 1 215 34 is_stmt 0 view .LVU87
 277 000a 1A68     		ldr	r2, [r3]
 278 000c 42F48032 		orr	r2, r2, #65536
 279 0010 1A60     		str	r2, [r3]
 216:Drivers/STM32WLxx_HAL_Driver/Src/stm32wlxx_hal_dma_ex.c **** 
 217:Drivers/STM32WLxx_HAL_Driver/Src/stm32wlxx_hal_dma_ex.c ****     return HAL_OK;
 280              		.loc 1 217 5 is_stmt 1 view .LVU88
 281              		.loc 1 217 12 is_stmt 0 view .LVU89
 282 0012 0020     		movs	r0, #0
 283              	.LVL23:
 284              		.loc 1 217 12 view .LVU90
 285 0014 7047     		bx	lr
 286              	.LVL24:
 287              	.L21:
 218:Drivers/STM32WLxx_HAL_Driver/Src/stm32wlxx_hal_dma_ex.c ****   }
 219:Drivers/STM32WLxx_HAL_Driver/Src/stm32wlxx_hal_dma_ex.c ****   else
 220:Drivers/STM32WLxx_HAL_Driver/Src/stm32wlxx_hal_dma_ex.c ****   {
 221:Drivers/STM32WLxx_HAL_Driver/Src/stm32wlxx_hal_dma_ex.c ****     return HAL_ERROR;
 288              		.loc 1 221 12 view .LVU91
 289 0016 0120     		movs	r0, #1
 290              	.LVL25:
 291              		.loc 1 221 12 view .LVU92
 292 0018 7047     		bx	lr
 293              	.LVL26:
 294              	.L22:
 295              		.loc 1 221 12 view .LVU93
 296 001a 0120     		movs	r0, #1
 297              	.LVL27:
 222:Drivers/STM32WLxx_HAL_Driver/Src/stm32wlxx_hal_dma_ex.c ****   }
 223:Drivers/STM32WLxx_HAL_Driver/Src/stm32wlxx_hal_dma_ex.c **** }
 298              		.loc 1 223 1 view .LVU94
 299 001c 7047     		bx	lr
 300              		.cfi_endproc
 301              	.LFE721:
 303              		.section	.text.HAL_DMAEx_DisableMuxRequestGenerator,"ax",%progbits
 304              		.align	1
 305              		.global	HAL_DMAEx_DisableMuxRequestGenerator
 306              		.syntax unified
 307              		.thumb
 308              		.thumb_func
 309              		.fpu softvfp
 311              	HAL_DMAEx_DisableMuxRequestGenerator:
 312              	.LVL28:
 313              	.LFB722:
 224:Drivers/STM32WLxx_HAL_Driver/Src/stm32wlxx_hal_dma_ex.c **** 
 225:Drivers/STM32WLxx_HAL_Driver/Src/stm32wlxx_hal_dma_ex.c **** /**
 226:Drivers/STM32WLxx_HAL_Driver/Src/stm32wlxx_hal_dma_ex.c ****   * @brief Disable the DMAMUX request generator block used by the given DMA channel (instance).
 227:Drivers/STM32WLxx_HAL_Driver/Src/stm32wlxx_hal_dma_ex.c ****   * @param hdma Pointer to a DMA_HandleTypeDef structure that contains
 228:Drivers/STM32WLxx_HAL_Driver/Src/stm32wlxx_hal_dma_ex.c ****   *             the configuration information for the specified DMA channel.
 229:Drivers/STM32WLxx_HAL_Driver/Src/stm32wlxx_hal_dma_ex.c ****   * @retval HAL status
 230:Drivers/STM32WLxx_HAL_Driver/Src/stm32wlxx_hal_dma_ex.c ****   */
ARM GAS  /tmp/ccHDpolt.s 			page 11


 231:Drivers/STM32WLxx_HAL_Driver/Src/stm32wlxx_hal_dma_ex.c **** HAL_StatusTypeDef HAL_DMAEx_DisableMuxRequestGenerator(DMA_HandleTypeDef *hdma)
 232:Drivers/STM32WLxx_HAL_Driver/Src/stm32wlxx_hal_dma_ex.c **** {
 314              		.loc 1 232 1 is_stmt 1 view -0
 315              		.cfi_startproc
 316              		@ args = 0, pretend = 0, frame = 0
 317              		@ frame_needed = 0, uses_anonymous_args = 0
 318              		@ link register save eliminated.
 233:Drivers/STM32WLxx_HAL_Driver/Src/stm32wlxx_hal_dma_ex.c ****   /* Check the parameters */
 234:Drivers/STM32WLxx_HAL_Driver/Src/stm32wlxx_hal_dma_ex.c ****   assert_param(IS_DMA_ALL_INSTANCE(hdma->Instance));
 319              		.loc 1 234 3 view .LVU96
 235:Drivers/STM32WLxx_HAL_Driver/Src/stm32wlxx_hal_dma_ex.c **** 
 236:Drivers/STM32WLxx_HAL_Driver/Src/stm32wlxx_hal_dma_ex.c ****   /* check if the DMA state is ready
 237:Drivers/STM32WLxx_HAL_Driver/Src/stm32wlxx_hal_dma_ex.c ****      and DMA is using a DMAMUX request generator block
 238:Drivers/STM32WLxx_HAL_Driver/Src/stm32wlxx_hal_dma_ex.c ****   */
 239:Drivers/STM32WLxx_HAL_Driver/Src/stm32wlxx_hal_dma_ex.c ****   if ((hdma->State != HAL_DMA_STATE_RESET) && (hdma->DMAmuxRequestGen != 0))
 320              		.loc 1 239 3 view .LVU97
 321              		.loc 1 239 12 is_stmt 0 view .LVU98
 322 0000 90F82530 		ldrb	r3, [r0, #37]	@ zero_extendqisi2
 323              		.loc 1 239 6 view .LVU99
 324 0004 3BB1     		cbz	r3, .L25
 325              		.loc 1 239 52 discriminator 1 view .LVU100
 326 0006 436D     		ldr	r3, [r0, #84]
 327              		.loc 1 239 44 discriminator 1 view .LVU101
 328 0008 3BB1     		cbz	r3, .L26
 240:Drivers/STM32WLxx_HAL_Driver/Src/stm32wlxx_hal_dma_ex.c ****   {
 241:Drivers/STM32WLxx_HAL_Driver/Src/stm32wlxx_hal_dma_ex.c **** 
 242:Drivers/STM32WLxx_HAL_Driver/Src/stm32wlxx_hal_dma_ex.c ****     /* Disable the request generator*/
 243:Drivers/STM32WLxx_HAL_Driver/Src/stm32wlxx_hal_dma_ex.c ****     hdma->DMAmuxRequestGen->RGCR &= ~DMAMUX_RGxCR_GE;
 329              		.loc 1 243 5 is_stmt 1 view .LVU102
 330              		.loc 1 243 34 is_stmt 0 view .LVU103
 331 000a 1A68     		ldr	r2, [r3]
 332 000c 22F48032 		bic	r2, r2, #65536
 333 0010 1A60     		str	r2, [r3]
 244:Drivers/STM32WLxx_HAL_Driver/Src/stm32wlxx_hal_dma_ex.c **** 
 245:Drivers/STM32WLxx_HAL_Driver/Src/stm32wlxx_hal_dma_ex.c ****     return HAL_OK;
 334              		.loc 1 245 5 is_stmt 1 view .LVU104
 335              		.loc 1 245 12 is_stmt 0 view .LVU105
 336 0012 0020     		movs	r0, #0
 337              	.LVL29:
 338              		.loc 1 245 12 view .LVU106
 339 0014 7047     		bx	lr
 340              	.LVL30:
 341              	.L25:
 246:Drivers/STM32WLxx_HAL_Driver/Src/stm32wlxx_hal_dma_ex.c ****   }
 247:Drivers/STM32WLxx_HAL_Driver/Src/stm32wlxx_hal_dma_ex.c ****   else
 248:Drivers/STM32WLxx_HAL_Driver/Src/stm32wlxx_hal_dma_ex.c ****   {
 249:Drivers/STM32WLxx_HAL_Driver/Src/stm32wlxx_hal_dma_ex.c ****     return HAL_ERROR;
 342              		.loc 1 249 12 view .LVU107
 343 0016 0120     		movs	r0, #1
 344              	.LVL31:
 345              		.loc 1 249 12 view .LVU108
 346 0018 7047     		bx	lr
 347              	.LVL32:
 348              	.L26:
 349              		.loc 1 249 12 view .LVU109
 350 001a 0120     		movs	r0, #1
 351              	.LVL33:
ARM GAS  /tmp/ccHDpolt.s 			page 12


 250:Drivers/STM32WLxx_HAL_Driver/Src/stm32wlxx_hal_dma_ex.c ****   }
 251:Drivers/STM32WLxx_HAL_Driver/Src/stm32wlxx_hal_dma_ex.c **** }
 352              		.loc 1 251 1 view .LVU110
 353 001c 7047     		bx	lr
 354              		.cfi_endproc
 355              	.LFE722:
 357              		.section	.text.HAL_DMAEx_MUX_IRQHandler,"ax",%progbits
 358              		.align	1
 359              		.global	HAL_DMAEx_MUX_IRQHandler
 360              		.syntax unified
 361              		.thumb
 362              		.thumb_func
 363              		.fpu softvfp
 365              	HAL_DMAEx_MUX_IRQHandler:
 366              	.LVL34:
 367              	.LFB723:
 252:Drivers/STM32WLxx_HAL_Driver/Src/stm32wlxx_hal_dma_ex.c **** 
 253:Drivers/STM32WLxx_HAL_Driver/Src/stm32wlxx_hal_dma_ex.c **** /**
 254:Drivers/STM32WLxx_HAL_Driver/Src/stm32wlxx_hal_dma_ex.c ****   * @brief Handles DMAMUX interrupt request.
 255:Drivers/STM32WLxx_HAL_Driver/Src/stm32wlxx_hal_dma_ex.c ****   * @param hdma Pointer to a DMA_HandleTypeDef structure that contains
 256:Drivers/STM32WLxx_HAL_Driver/Src/stm32wlxx_hal_dma_ex.c ****   *             the configuration information for the specified DMA channel.
 257:Drivers/STM32WLxx_HAL_Driver/Src/stm32wlxx_hal_dma_ex.c ****   * @retval None
 258:Drivers/STM32WLxx_HAL_Driver/Src/stm32wlxx_hal_dma_ex.c ****   */
 259:Drivers/STM32WLxx_HAL_Driver/Src/stm32wlxx_hal_dma_ex.c **** void HAL_DMAEx_MUX_IRQHandler(DMA_HandleTypeDef *hdma)
 260:Drivers/STM32WLxx_HAL_Driver/Src/stm32wlxx_hal_dma_ex.c **** {
 368              		.loc 1 260 1 is_stmt 1 view -0
 369              		.cfi_startproc
 370              		@ args = 0, pretend = 0, frame = 0
 371              		@ frame_needed = 0, uses_anonymous_args = 0
 372              		.loc 1 260 1 is_stmt 0 view .LVU112
 373 0000 10B5     		push	{r4, lr}
 374              	.LCFI5:
 375              		.cfi_def_cfa_offset 8
 376              		.cfi_offset 4, -8
 377              		.cfi_offset 14, -4
 378 0002 0446     		mov	r4, r0
 261:Drivers/STM32WLxx_HAL_Driver/Src/stm32wlxx_hal_dma_ex.c ****   /* Check for DMAMUX Synchronization overrun */
 262:Drivers/STM32WLxx_HAL_Driver/Src/stm32wlxx_hal_dma_ex.c ****   if ((hdma->DMAmuxChannelStatus->CSR & hdma->DMAmuxChannelStatusMask) != 0U)
 379              		.loc 1 262 3 is_stmt 1 view .LVU113
 380              		.loc 1 262 12 is_stmt 0 view .LVU114
 381 0004 C36C     		ldr	r3, [r0, #76]
 382              		.loc 1 262 33 view .LVU115
 383 0006 1A68     		ldr	r2, [r3]
 384              		.loc 1 262 45 view .LVU116
 385 0008 036D     		ldr	r3, [r0, #80]
 386              		.loc 1 262 6 view .LVU117
 387 000a 1A42     		tst	r2, r3
 388 000c 0ED0     		beq	.L28
 263:Drivers/STM32WLxx_HAL_Driver/Src/stm32wlxx_hal_dma_ex.c ****   {
 264:Drivers/STM32WLxx_HAL_Driver/Src/stm32wlxx_hal_dma_ex.c ****     /* Disable the synchro overrun interrupt */
 265:Drivers/STM32WLxx_HAL_Driver/Src/stm32wlxx_hal_dma_ex.c ****     hdma->DMAmuxChannel->CCR &= ~DMAMUX_CxCR_SOIE;
 389              		.loc 1 265 5 is_stmt 1 view .LVU118
 390              		.loc 1 265 9 is_stmt 0 view .LVU119
 391 000e 826C     		ldr	r2, [r0, #72]
 392              		.loc 1 265 30 view .LVU120
 393 0010 1368     		ldr	r3, [r2]
 394 0012 23F48073 		bic	r3, r3, #256
ARM GAS  /tmp/ccHDpolt.s 			page 13


 395 0016 1360     		str	r3, [r2]
 266:Drivers/STM32WLxx_HAL_Driver/Src/stm32wlxx_hal_dma_ex.c **** 
 267:Drivers/STM32WLxx_HAL_Driver/Src/stm32wlxx_hal_dma_ex.c ****     /* Clear the DMAMUX synchro overrun flag */
 268:Drivers/STM32WLxx_HAL_Driver/Src/stm32wlxx_hal_dma_ex.c ****     hdma->DMAmuxChannelStatus->CFR = hdma->DMAmuxChannelStatusMask;
 396              		.loc 1 268 5 is_stmt 1 view .LVU121
 397              		.loc 1 268 9 is_stmt 0 view .LVU122
 398 0018 C36C     		ldr	r3, [r0, #76]
 399              		.loc 1 268 42 view .LVU123
 400 001a 026D     		ldr	r2, [r0, #80]
 401              		.loc 1 268 36 view .LVU124
 402 001c 5A60     		str	r2, [r3, #4]
 269:Drivers/STM32WLxx_HAL_Driver/Src/stm32wlxx_hal_dma_ex.c **** 
 270:Drivers/STM32WLxx_HAL_Driver/Src/stm32wlxx_hal_dma_ex.c ****     /* Update error code */
 271:Drivers/STM32WLxx_HAL_Driver/Src/stm32wlxx_hal_dma_ex.c ****     hdma->ErrorCode |= HAL_DMA_ERROR_SYNC;
 403              		.loc 1 271 5 is_stmt 1 view .LVU125
 404              		.loc 1 271 21 is_stmt 0 view .LVU126
 405 001e C36B     		ldr	r3, [r0, #60]
 406 0020 43F40073 		orr	r3, r3, #512
 407 0024 C363     		str	r3, [r0, #60]
 272:Drivers/STM32WLxx_HAL_Driver/Src/stm32wlxx_hal_dma_ex.c **** 
 273:Drivers/STM32WLxx_HAL_Driver/Src/stm32wlxx_hal_dma_ex.c ****     if (hdma->XferErrorCallback != NULL)
 408              		.loc 1 273 5 is_stmt 1 view .LVU127
 409              		.loc 1 273 13 is_stmt 0 view .LVU128
 410 0026 436B     		ldr	r3, [r0, #52]
 411              		.loc 1 273 8 view .LVU129
 412 0028 03B1     		cbz	r3, .L28
 274:Drivers/STM32WLxx_HAL_Driver/Src/stm32wlxx_hal_dma_ex.c ****     {
 275:Drivers/STM32WLxx_HAL_Driver/Src/stm32wlxx_hal_dma_ex.c ****       /* Transfer error callback */
 276:Drivers/STM32WLxx_HAL_Driver/Src/stm32wlxx_hal_dma_ex.c ****       hdma->XferErrorCallback(hdma);
 413              		.loc 1 276 7 is_stmt 1 view .LVU130
 414 002a 9847     		blx	r3
 415              	.LVL35:
 416              	.L28:
 277:Drivers/STM32WLxx_HAL_Driver/Src/stm32wlxx_hal_dma_ex.c ****     }
 278:Drivers/STM32WLxx_HAL_Driver/Src/stm32wlxx_hal_dma_ex.c ****   }
 279:Drivers/STM32WLxx_HAL_Driver/Src/stm32wlxx_hal_dma_ex.c **** 
 280:Drivers/STM32WLxx_HAL_Driver/Src/stm32wlxx_hal_dma_ex.c ****   if (hdma->DMAmuxRequestGen != 0)
 417              		.loc 1 280 3 view .LVU131
 418              		.loc 1 280 11 is_stmt 0 view .LVU132
 419 002c 636D     		ldr	r3, [r4, #84]
 420              		.loc 1 280 6 view .LVU133
 421 002e 9BB1     		cbz	r3, .L27
 281:Drivers/STM32WLxx_HAL_Driver/Src/stm32wlxx_hal_dma_ex.c ****   {
 282:Drivers/STM32WLxx_HAL_Driver/Src/stm32wlxx_hal_dma_ex.c ****     /* if using a DMAMUX request generator block Check for DMAMUX request generator overrun */
 283:Drivers/STM32WLxx_HAL_Driver/Src/stm32wlxx_hal_dma_ex.c ****     if ((hdma->DMAmuxRequestGenStatus->RGSR & hdma->DMAmuxRequestGenStatusMask) != 0U)
 422              		.loc 1 283 5 is_stmt 1 view .LVU134
 423              		.loc 1 283 14 is_stmt 0 view .LVU135
 424 0030 A26D     		ldr	r2, [r4, #88]
 425              		.loc 1 283 38 view .LVU136
 426 0032 1168     		ldr	r1, [r2]
 427              		.loc 1 283 51 view .LVU137
 428 0034 E26D     		ldr	r2, [r4, #92]
 429              		.loc 1 283 8 view .LVU138
 430 0036 1142     		tst	r1, r2
 431 0038 0ED0     		beq	.L27
 284:Drivers/STM32WLxx_HAL_Driver/Src/stm32wlxx_hal_dma_ex.c ****     {
 285:Drivers/STM32WLxx_HAL_Driver/Src/stm32wlxx_hal_dma_ex.c ****       /* Disable the request gen overrun interrupt */
ARM GAS  /tmp/ccHDpolt.s 			page 14


 286:Drivers/STM32WLxx_HAL_Driver/Src/stm32wlxx_hal_dma_ex.c ****       hdma->DMAmuxRequestGen->RGCR &= ~DMAMUX_RGxCR_OIE;
 432              		.loc 1 286 7 is_stmt 1 view .LVU139
 433              		.loc 1 286 36 is_stmt 0 view .LVU140
 434 003a 1A68     		ldr	r2, [r3]
 435 003c 22F48072 		bic	r2, r2, #256
 436 0040 1A60     		str	r2, [r3]
 287:Drivers/STM32WLxx_HAL_Driver/Src/stm32wlxx_hal_dma_ex.c **** 
 288:Drivers/STM32WLxx_HAL_Driver/Src/stm32wlxx_hal_dma_ex.c ****       /* Clear the DMAMUX request generator overrun flag */
 289:Drivers/STM32WLxx_HAL_Driver/Src/stm32wlxx_hal_dma_ex.c ****       hdma->DMAmuxRequestGenStatus->RGCFR = hdma->DMAmuxRequestGenStatusMask;
 437              		.loc 1 289 7 is_stmt 1 view .LVU141
 438              		.loc 1 289 11 is_stmt 0 view .LVU142
 439 0042 A36D     		ldr	r3, [r4, #88]
 440              		.loc 1 289 49 view .LVU143
 441 0044 E26D     		ldr	r2, [r4, #92]
 442              		.loc 1 289 43 view .LVU144
 443 0046 5A60     		str	r2, [r3, #4]
 290:Drivers/STM32WLxx_HAL_Driver/Src/stm32wlxx_hal_dma_ex.c **** 
 291:Drivers/STM32WLxx_HAL_Driver/Src/stm32wlxx_hal_dma_ex.c ****       /* Update error code */
 292:Drivers/STM32WLxx_HAL_Driver/Src/stm32wlxx_hal_dma_ex.c ****       hdma->ErrorCode |= HAL_DMA_ERROR_REQGEN;
 444              		.loc 1 292 7 is_stmt 1 view .LVU145
 445              		.loc 1 292 23 is_stmt 0 view .LVU146
 446 0048 E36B     		ldr	r3, [r4, #60]
 447 004a 43F48063 		orr	r3, r3, #1024
 448 004e E363     		str	r3, [r4, #60]
 293:Drivers/STM32WLxx_HAL_Driver/Src/stm32wlxx_hal_dma_ex.c **** 
 294:Drivers/STM32WLxx_HAL_Driver/Src/stm32wlxx_hal_dma_ex.c ****       if (hdma->XferErrorCallback != NULL)
 449              		.loc 1 294 7 is_stmt 1 view .LVU147
 450              		.loc 1 294 15 is_stmt 0 view .LVU148
 451 0050 636B     		ldr	r3, [r4, #52]
 452              		.loc 1 294 10 view .LVU149
 453 0052 0BB1     		cbz	r3, .L27
 295:Drivers/STM32WLxx_HAL_Driver/Src/stm32wlxx_hal_dma_ex.c ****       {
 296:Drivers/STM32WLxx_HAL_Driver/Src/stm32wlxx_hal_dma_ex.c ****         /* Transfer error callback */
 297:Drivers/STM32WLxx_HAL_Driver/Src/stm32wlxx_hal_dma_ex.c ****         hdma->XferErrorCallback(hdma);
 454              		.loc 1 297 9 is_stmt 1 view .LVU150
 455 0054 2046     		mov	r0, r4
 456 0056 9847     		blx	r3
 457              	.LVL36:
 458              	.L27:
 298:Drivers/STM32WLxx_HAL_Driver/Src/stm32wlxx_hal_dma_ex.c ****       }
 299:Drivers/STM32WLxx_HAL_Driver/Src/stm32wlxx_hal_dma_ex.c ****     }
 300:Drivers/STM32WLxx_HAL_Driver/Src/stm32wlxx_hal_dma_ex.c ****   }
 301:Drivers/STM32WLxx_HAL_Driver/Src/stm32wlxx_hal_dma_ex.c **** }
 459              		.loc 1 301 1 is_stmt 0 view .LVU151
 460 0058 10BD     		pop	{r4, pc}
 461              		.loc 1 301 1 view .LVU152
 462              		.cfi_endproc
 463              	.LFE723:
 465              		.text
 466              	.Letext0:
 467              		.file 2 "/media/christoph/ext1TB/projekte/37_RC/git-firmware-dev/AM32-MultiRotor-ESC-firmware/tool
 468              		.file 3 "/media/christoph/ext1TB/projekte/37_RC/git-firmware-dev/AM32-MultiRotor-ESC-firmware/tool
 469              		.file 4 "Drivers/CMSIS/Include/core_cm4.h"
 470              		.file 5 "Drivers/CMSIS/Device/ST/STM32WLxx/Include/system_stm32wlxx.h"
 471              		.file 6 "Drivers/CMSIS/Device/ST/STM32WLxx/Include/stm32wle5xx.h"
 472              		.file 7 "Drivers/CMSIS/Device/ST/STM32WLxx/Include/stm32wlxx.h"
 473              		.file 8 "Drivers/STM32WLxx_HAL_Driver/Inc/stm32wlxx_hal_def.h"
ARM GAS  /tmp/ccHDpolt.s 			page 15


 474              		.file 9 "Drivers/STM32WLxx_HAL_Driver/Inc/stm32wlxx_hal_dma.h"
 475              		.file 10 "Drivers/STM32WLxx_HAL_Driver/Inc/stm32wlxx_hal_dma_ex.h"
 476              		.file 11 "Drivers/STM32WLxx_HAL_Driver/Inc/stm32wlxx_hal_flash.h"
 477              		.file 12 "Drivers/STM32WLxx_HAL_Driver/Inc/stm32wlxx_hal.h"
 478              		.file 13 "Drivers/STM32WLxx_HAL_Driver/Inc/stm32wlxx_ll_dma.h"
ARM GAS  /tmp/ccHDpolt.s 			page 16


DEFINED SYMBOLS
                            *ABS*:0000000000000000 stm32wlxx_hal_dma_ex.c
     /tmp/ccHDpolt.s:16     .text.HAL_DMAEx_ConfigMuxSync:0000000000000000 $t
     /tmp/ccHDpolt.s:24     .text.HAL_DMAEx_ConfigMuxSync:0000000000000000 HAL_DMAEx_ConfigMuxSync
     /tmp/ccHDpolt.s:118    .text.HAL_DMAEx_ConfigMuxRequestGenerator:0000000000000000 $t
     /tmp/ccHDpolt.s:125    .text.HAL_DMAEx_ConfigMuxRequestGenerator:0000000000000000 HAL_DMAEx_ConfigMuxRequestGenerator
     /tmp/ccHDpolt.s:250    .text.HAL_DMAEx_EnableMuxRequestGenerator:0000000000000000 $t
     /tmp/ccHDpolt.s:257    .text.HAL_DMAEx_EnableMuxRequestGenerator:0000000000000000 HAL_DMAEx_EnableMuxRequestGenerator
     /tmp/ccHDpolt.s:304    .text.HAL_DMAEx_DisableMuxRequestGenerator:0000000000000000 $t
     /tmp/ccHDpolt.s:311    .text.HAL_DMAEx_DisableMuxRequestGenerator:0000000000000000 HAL_DMAEx_DisableMuxRequestGenerator
     /tmp/ccHDpolt.s:358    .text.HAL_DMAEx_MUX_IRQHandler:0000000000000000 $t
     /tmp/ccHDpolt.s:365    .text.HAL_DMAEx_MUX_IRQHandler:0000000000000000 HAL_DMAEx_MUX_IRQHandler

NO UNDEFINED SYMBOLS
