ARM GAS  /tmp/ccSVVHMN.s 			page 1


   1              		.cpu cortex-m4
   2              		.eabi_attribute 20, 1
   3              		.eabi_attribute 21, 1
   4              		.eabi_attribute 23, 3
   5              		.eabi_attribute 24, 1
   6              		.eabi_attribute 25, 1
   7              		.eabi_attribute 26, 1
   8              		.eabi_attribute 30, 1
   9              		.eabi_attribute 34, 1
  10              		.eabi_attribute 18, 4
  11              		.file	"stm32wlxx_hal_msp.c"
  12              		.text
  13              	.Ltext0:
  14              		.cfi_sections	.debug_frame
  15              		.section	.text.HAL_MspInit,"ax",%progbits
  16              		.align	1
  17              		.global	HAL_MspInit
  18              		.arch armv7e-m
  19              		.syntax unified
  20              		.thumb
  21              		.thumb_func
  22              		.fpu softvfp
  24              	HAL_MspInit:
  25              	.LFB719:
  26              		.file 1 "Core/Src/stm32wlxx_hal_msp.c"
   1:Core/Src/stm32wlxx_hal_msp.c **** /* USER CODE BEGIN Header */
   2:Core/Src/stm32wlxx_hal_msp.c **** /**
   3:Core/Src/stm32wlxx_hal_msp.c ****   ******************************************************************************
   4:Core/Src/stm32wlxx_hal_msp.c ****   * @file         stm32wlxx_hal_msp.c
   5:Core/Src/stm32wlxx_hal_msp.c ****   * @brief        This file provides code for the MSP Initialization
   6:Core/Src/stm32wlxx_hal_msp.c ****   *               and de-Initialization codes.
   7:Core/Src/stm32wlxx_hal_msp.c ****   ******************************************************************************
   8:Core/Src/stm32wlxx_hal_msp.c ****   * @attention
   9:Core/Src/stm32wlxx_hal_msp.c ****   *
  10:Core/Src/stm32wlxx_hal_msp.c ****   * <h2><center>&copy; Copyright (c) 2021 STMicroelectronics.
  11:Core/Src/stm32wlxx_hal_msp.c ****   * All rights reserved.</center></h2>
  12:Core/Src/stm32wlxx_hal_msp.c ****   *
  13:Core/Src/stm32wlxx_hal_msp.c ****   * This software component is licensed by ST under BSD 3-Clause license,
  14:Core/Src/stm32wlxx_hal_msp.c ****   * the "License"; You may not use this file except in compliance with the
  15:Core/Src/stm32wlxx_hal_msp.c ****   * License. You may obtain a copy of the License at:
  16:Core/Src/stm32wlxx_hal_msp.c ****   *                        opensource.org/licenses/BSD-3-Clause
  17:Core/Src/stm32wlxx_hal_msp.c ****   *
  18:Core/Src/stm32wlxx_hal_msp.c ****   ******************************************************************************
  19:Core/Src/stm32wlxx_hal_msp.c ****   */
  20:Core/Src/stm32wlxx_hal_msp.c **** /* USER CODE END Header */
  21:Core/Src/stm32wlxx_hal_msp.c **** 
  22:Core/Src/stm32wlxx_hal_msp.c **** /* Includes ------------------------------------------------------------------*/
  23:Core/Src/stm32wlxx_hal_msp.c **** #include "main.h"
  24:Core/Src/stm32wlxx_hal_msp.c **** /* USER CODE BEGIN Includes */
  25:Core/Src/stm32wlxx_hal_msp.c **** 
  26:Core/Src/stm32wlxx_hal_msp.c **** /* USER CODE END Includes */
  27:Core/Src/stm32wlxx_hal_msp.c **** 
  28:Core/Src/stm32wlxx_hal_msp.c **** /* Private typedef -----------------------------------------------------------*/
  29:Core/Src/stm32wlxx_hal_msp.c **** /* USER CODE BEGIN TD */
  30:Core/Src/stm32wlxx_hal_msp.c **** 
  31:Core/Src/stm32wlxx_hal_msp.c **** /* USER CODE END TD */
  32:Core/Src/stm32wlxx_hal_msp.c **** 
ARM GAS  /tmp/ccSVVHMN.s 			page 2


  33:Core/Src/stm32wlxx_hal_msp.c **** /* Private define ------------------------------------------------------------*/
  34:Core/Src/stm32wlxx_hal_msp.c **** /* USER CODE BEGIN Define */
  35:Core/Src/stm32wlxx_hal_msp.c **** 
  36:Core/Src/stm32wlxx_hal_msp.c **** /* USER CODE END Define */
  37:Core/Src/stm32wlxx_hal_msp.c **** 
  38:Core/Src/stm32wlxx_hal_msp.c **** /* Private macro -------------------------------------------------------------*/
  39:Core/Src/stm32wlxx_hal_msp.c **** /* USER CODE BEGIN Macro */
  40:Core/Src/stm32wlxx_hal_msp.c **** 
  41:Core/Src/stm32wlxx_hal_msp.c **** /* USER CODE END Macro */
  42:Core/Src/stm32wlxx_hal_msp.c **** 
  43:Core/Src/stm32wlxx_hal_msp.c **** /* Private variables ---------------------------------------------------------*/
  44:Core/Src/stm32wlxx_hal_msp.c **** /* USER CODE BEGIN PV */
  45:Core/Src/stm32wlxx_hal_msp.c **** 
  46:Core/Src/stm32wlxx_hal_msp.c **** /* USER CODE END PV */
  47:Core/Src/stm32wlxx_hal_msp.c **** 
  48:Core/Src/stm32wlxx_hal_msp.c **** /* Private function prototypes -----------------------------------------------*/
  49:Core/Src/stm32wlxx_hal_msp.c **** /* USER CODE BEGIN PFP */
  50:Core/Src/stm32wlxx_hal_msp.c **** 
  51:Core/Src/stm32wlxx_hal_msp.c **** /* USER CODE END PFP */
  52:Core/Src/stm32wlxx_hal_msp.c **** 
  53:Core/Src/stm32wlxx_hal_msp.c **** /* External functions --------------------------------------------------------*/
  54:Core/Src/stm32wlxx_hal_msp.c **** /* USER CODE BEGIN ExternalFunctions */
  55:Core/Src/stm32wlxx_hal_msp.c **** 
  56:Core/Src/stm32wlxx_hal_msp.c **** /* USER CODE END ExternalFunctions */
  57:Core/Src/stm32wlxx_hal_msp.c **** 
  58:Core/Src/stm32wlxx_hal_msp.c **** /* USER CODE BEGIN 0 */
  59:Core/Src/stm32wlxx_hal_msp.c **** 
  60:Core/Src/stm32wlxx_hal_msp.c **** /* USER CODE END 0 */
  61:Core/Src/stm32wlxx_hal_msp.c **** /**
  62:Core/Src/stm32wlxx_hal_msp.c ****   * Initializes the Global MSP.
  63:Core/Src/stm32wlxx_hal_msp.c ****   */
  64:Core/Src/stm32wlxx_hal_msp.c **** void HAL_MspInit(void)
  65:Core/Src/stm32wlxx_hal_msp.c **** {
  27              		.loc 1 65 1 view -0
  28              		.cfi_startproc
  29              		@ args = 0, pretend = 0, frame = 0
  30              		@ frame_needed = 0, uses_anonymous_args = 0
  31              		@ link register save eliminated.
  66:Core/Src/stm32wlxx_hal_msp.c ****   /* USER CODE BEGIN MspInit 0 */
  67:Core/Src/stm32wlxx_hal_msp.c **** 
  68:Core/Src/stm32wlxx_hal_msp.c ****   /* USER CODE END MspInit 0 */
  69:Core/Src/stm32wlxx_hal_msp.c **** 
  70:Core/Src/stm32wlxx_hal_msp.c ****   /* System interrupt init*/
  71:Core/Src/stm32wlxx_hal_msp.c **** 
  72:Core/Src/stm32wlxx_hal_msp.c ****   /* USER CODE BEGIN MspInit 1 */
  73:Core/Src/stm32wlxx_hal_msp.c **** 
  74:Core/Src/stm32wlxx_hal_msp.c ****   /* USER CODE END MspInit 1 */
  75:Core/Src/stm32wlxx_hal_msp.c **** }
  32              		.loc 1 75 1 view .LVU1
  33 0000 7047     		bx	lr
  34              		.cfi_endproc
  35              	.LFE719:
  37              		.text
  38              	.Letext0:
  39              		.file 2 "/media/christoph/ext1TB/projekte/37_RC/git-firmware-dev/AM32-MultiRotor-ESC-firmware/tool
  40              		.file 3 "/media/christoph/ext1TB/projekte/37_RC/git-firmware-dev/AM32-MultiRotor-ESC-firmware/tool
  41              		.file 4 "Drivers/CMSIS/Include/core_cm4.h"
ARM GAS  /tmp/ccSVVHMN.s 			page 3


  42              		.file 5 "Drivers/CMSIS/Device/ST/STM32WLxx/Include/system_stm32wlxx.h"
  43              		.file 6 "Drivers/STM32WLxx_HAL_Driver/Inc/stm32wlxx_hal_def.h"
  44              		.file 7 "Drivers/STM32WLxx_HAL_Driver/Inc/stm32wlxx_hal_flash.h"
  45              		.file 8 "Drivers/STM32WLxx_HAL_Driver/Inc/stm32wlxx_hal.h"
  46              		.file 9 "Drivers/STM32WLxx_HAL_Driver/Inc/stm32wlxx_ll_dma.h"
ARM GAS  /tmp/ccSVVHMN.s 			page 4


DEFINED SYMBOLS
                            *ABS*:0000000000000000 stm32wlxx_hal_msp.c
     /tmp/ccSVVHMN.s:16     .text.HAL_MspInit:0000000000000000 $t
     /tmp/ccSVVHMN.s:24     .text.HAL_MspInit:0000000000000000 HAL_MspInit

NO UNDEFINED SYMBOLS
