ARM GAS  /tmp/ccGZMba5.s 			page 1


   1              		.cpu cortex-m4
   2              		.eabi_attribute 20, 1
   3              		.eabi_attribute 21, 1
   4              		.eabi_attribute 23, 3
   5              		.eabi_attribute 24, 1
   6              		.eabi_attribute 25, 1
   7              		.eabi_attribute 26, 1
   8              		.eabi_attribute 30, 1
   9              		.eabi_attribute 34, 1
  10              		.eabi_attribute 18, 4
  11              		.file	"stm32wlxx_hal_tim_ex.c"
  12              		.text
  13              	.Ltext0:
  14              		.cfi_sections	.debug_frame
  15              	.Letext0:
  16              		.file 1 "/media/christoph/ext1TB/projekte/37_RC/git-firmware-dev/AM32-MultiRotor-ESC-firmware/tool
  17              		.file 2 "/media/christoph/ext1TB/projekte/37_RC/git-firmware-dev/AM32-MultiRotor-ESC-firmware/tool
  18              		.file 3 "Drivers/CMSIS/Include/core_cm4.h"
  19              		.file 4 "Drivers/CMSIS/Device/ST/STM32WLxx/Include/system_stm32wlxx.h"
  20              		.file 5 "Drivers/STM32WLxx_HAL_Driver/Inc/stm32wlxx_hal_def.h"
  21              		.file 6 "Drivers/STM32WLxx_HAL_Driver/Inc/stm32wlxx_hal_flash.h"
  22              		.file 7 "Drivers/STM32WLxx_HAL_Driver/Inc/stm32wlxx_hal.h"
  23              		.file 8 "Drivers/STM32WLxx_HAL_Driver/Inc/stm32wlxx_ll_dma.h"
ARM GAS  /tmp/ccGZMba5.s 			page 2


DEFINED SYMBOLS
                            *ABS*:0000000000000000 stm32wlxx_hal_tim_ex.c

NO UNDEFINED SYMBOLS
